[0214/070928.903:ERROR:process_memory_win.cc(73)] ReadMemory at 0x7ff68e750000 of 64 bytes failed: Only part of a ReadProcessMemory or WriteProcessMemory request was completed. (0x12B)
[0214/070928.917:WARNING:pe_image_reader.cc(340)] could not read dos header from C:\Program Files (x86)\Google\Chrome\Application\chrome.exe
[0214/070928.917:ERROR:process_memory_win.cc(73)] ReadMemory at 0x7ff90eb80000 of 64 bytes failed: Only part of a ReadProcessMemory or WriteProcessMemory request was completed. (0x12B)
[0214/070928.917:WARNING:pe_image_reader.cc(340)] could not read dos header from C:\WINDOWS\SYSTEM32\ntdll.dll
[0214/070928.917:ERROR:process_memory_win.cc(73)] ReadMemory at 0x7ff90e000000 of 64 bytes failed: Only part of a ReadProcessMemory or WriteProcessMemory request was completed. (0x12B)
[0214/070928.918:WARNING:pe_image_reader.cc(340)] could not read dos header from C:\WINDOWS\System32\KERNEL32.DLL
[0214/070928.918:ERROR:process_memory_win.cc(73)] ReadMemory at 0x7ff90c4e0000 of 64 bytes failed: Only part of a ReadProcessMemory or WriteProcessMemory request was completed. (0x12B)
[0214/070928.918:WARNING:pe_image_reader.cc(340)] could not read dos header from C:\WINDOWS\System32\KERNELBASE.dll
[0214/070928.918:ERROR:process_memory_win.cc(73)] ReadMemory at 0x7ff8ae450000 of 64 bytes failed: Only part of a ReadProcessMemory or WriteProcessMemory request was completed. (0x12B)
[0214/070928.918:WARNING:pe_image_reader.cc(340)] could not read dos header from C:\Program Files (x86)\Google\Chrome\Application\79.0.3945.130\chrome_elf.dll
[0214/070928.918:ERROR:process_memory_win.cc(73)] ReadMemory at 0x7ff905620000 of 64 bytes failed: Only part of a ReadProcessMemory or WriteProcessMemory request was completed. (0x12B)
[0214/070928.918:WARNING:pe_image_reader.cc(340)] could not read dos header from C:\WINDOWS\SYSTEM32\VERSION.dll
[0214/070928.918:ERROR:process_memory_win.cc(73)] ReadMemory at 0x7ff90db60000 of 64 bytes failed: Only part of a ReadProcessMemory or WriteProcessMemory request was completed. (0x12B)
[0214/070928.918:WARNING:pe_image_reader.cc(340)] could not read dos header from C:\WINDOWS\System32\msvcrt.dll
[0214/070928.918:ERROR:process_memory_win.cc(73)] ReadMemory at 0x7ff90c9f0000 of 64 bytes failed: Only part of a ReadProcessMemory or WriteProcessMemory request was completed. (0x12B)
[0214/070928.918:WARNING:pe_image_reader.cc(340)] could not read dos header from C:\WINDOWS\System32\bcryptPrimitives.dll
[0214/070928.918:ERROR:process_memory_win.cc(73)] ReadMemory at 0x7ff90d3c0000 of 64 bytes failed: Only part of a ReadProcessMemory or WriteProcessMemory request was completed. (0x12B)
[0214/070928.918:WARNING:pe_image_reader.cc(340)] could not read dos header from C:\WINDOWS\System32\ADVAPI32.dll
[0214/070928.918:ERROR:process_memory_win.cc(73)] ReadMemory at 0x7ff90d320000 of 64 bytes failed: Only part of a ReadProcessMemory or WriteProcessMemory request was completed. (0x12B)
[0214/070928.918:WARNING:pe_image_reader.cc(340)] could not read dos header from C:\WINDOWS\System32\sechost.dll
[0214/070928.918:ERROR:process_memory_win.cc(73)] ReadMemory at 0x7ff90dc10000 of 64 bytes failed: Only part of a ReadProcessMemory or WriteProcessMemory request was completed. (0x12B)
[0214/070928.918:WARNING:pe_image_reader.cc(340)] could not read dos header from C:\WINDOWS\System32\RPCRT4.dll
[0214/070928.918:ERROR:process_memory_win.cc(73)] ReadMemory at 0x7ff89e070000 of 64 bytes failed: Only part of a ReadProcessMemory or WriteProcessMemory request was completed. (0x12B)
[0214/070928.918:WARNING:pe_image_reader.cc(340)] could not read dos header from C:\Program Files (x86)\Google\Chrome\Application\79.0.3945.130\chrome_child.dll
[0214/070928.918:ERROR:process_memory_win.cc(73)] ReadMemory at 0x7ff90ea60000 of 64 bytes failed: Only part of a ReadProcessMemory or WriteProcessMemory request was completed. (0x12B)
[0214/070928.918:WARNING:pe_image_reader.cc(340)] could not read dos header from C:\WINDOWS\System32\OLEAUT32.dll
[0214/070928.918:ERROR:process_memory_win.cc(73)] ReadMemory at 0x7ff90c440000 of 64 bytes failed: Only part of a ReadProcessMemory or WriteProcessMemory request was completed. (0x12B)
[0214/070928.918:WARNING:pe_image_reader.cc(340)] could not read dos header from C:\WINDOWS\System32\msvcp_win.dll
[0214/070928.918:ERROR:process_memory_win.cc(73)] ReadMemory at 0x7ff90c340000 of 64 bytes failed: Only part of a ReadProcessMemory or WriteProcessMemory request was completed. (0x12B)
[0214/070928.919:WARNING:pe_image_reader.cc(340)] could not read dos header from C:\WINDOWS\System32\ucrtbase.dll
[0214/070928.919:ERROR:process_memory_win.cc(73)] ReadMemory at 0x202e3b80000 of 64 bytes failed: Only part of a ReadProcessMemory or WriteProcessMemory request was completed. (0x12B)
[0214/070928.919:WARNING:pe_image_reader.cc(340)] could not read dos header from C:\WINDOWS\System32\combase.dll
[0214/070928.919:ERROR:process_memory_win.cc(73)] ReadMemory at 0x7ff90e9d0000 of 64 bytes failed: Only part of a ReadProcessMemory or WriteProcessMemory request was completed. (0x12B)
[0214/070928.919:WARNING:pe_image_reader.cc(340)] could not read dos header from C:\WINDOWS\System32\WS2_32.dll
[0214/070928.919:ERROR:process_memory_win.cc(73)] ReadMemory at 0x7ff90c790000 of 64 bytes failed: Only part of a ReadProcessMemory or WriteProcessMemory request was completed. (0x12B)
[0214/070928.919:WARNING:pe_image_reader.cc(340)] could not read dos header from C:\WINDOWS\System32\WINTRUST.dll
[0214/070928.919:ERROR:process_memory_win.cc(73)] ReadMemory at 0x7ff90bab0000 of 64 bytes failed: Only part of a ReadProcessMemory or WriteProcessMemory request was completed. (0x12B)
[0214/070928.919:WARNING:pe_image_reader.cc(340)] could not read dos header from C:\WINDOWS\System32\MSASN1.dll
[0214/070928.919:ERROR:process_memory_win.cc(73)] ReadMemory at 0x7ff90c7f0000 of 64 bytes failed: Only part of a ReadProcessMemory or WriteProcessMemory request was completed. (0x12B)
[0214/070928.919:WARNING:pe_image_reader.cc(340)] could not read dos header from C:\WINDOWS\System32\CRYPT32.dll
[0214/070928.919:ERROR:process_memory_win.cc(73)] ReadMemory at 0x7ff90af90000 of 64 bytes failed: Only part of a ReadProcessMemory or WriteProcessMemory request was completed. (0x12B)
[0214/070928.919:WARNING:pe_image_reader.cc(340)] could not read dos header from C:\WINDOWS\SYSTEM32\IPHLPAPI.DLL
[0214/070928.919:ERROR:process_memory_win.cc(73)] ReadMemory at 0x7ff908400000 of 64 bytes failed: Only part of a ReadProcessMemory or WriteProcessMemory request was completed. (0x12B)
[0214/070928.919:WARNING:pe_image_reader.cc(340)] could not read dos header from C:\WINDOWS\SYSTEM32\WINMM.dll
[0214/070928.919:ERROR:process_memory_win.cc(73)] ReadMemory at 0x7ff90b970000 of 64 bytes failed: Only part of a ReadProcessMemory or WriteProcessMemory request was completed. (0x12B)
[0214/070928.919:WARNING:pe_image_reader.cc(340)] could not read dos header from C:\WINDOWS\SYSTEM32\USERENV.dll
[0214/070928.919:ERROR:process_memory_win.cc(73)] ReadMemory at 0x7ff90baf0000 of 64 bytes failed: Only part of a ReadProcessMemory or WriteProcessMemory request was completed. (0x12B)
[0214/070928.919:WARNING:pe_image_reader.cc(340)] could not read dos header from C:\WINDOWS\System32\profapi.dll
[0214/070928.919:ERROR:process_memory_win.cc(73)] ReadMemory at 0x7ff8eafb0000 of 64 bytes failed: Only part of a ReadProcessMemory or WriteProcessMemory request was completed. (0x12B)
[0214/070928.919:WARNING:pe_image_reader.cc(340)] could not read dos header from C:\WINDOWS\SYSTEM32\DWrite.dll
[0214/070928.919:ERROR:process_memory_win.cc(73)] ReadMemory at 0x7ff8ed930000 of 64 bytes failed: Only part of a ReadProcessMemory or WriteProcessMemory request was completed. (0x12B)
[0214/070928.919:WARNING:pe_image_reader.cc(340)] could not read dos header from C:\WINDOWS\SYSTEM32\WINSPOOL.DRV
[0214/070928.919:ERROR:process_memory_win.cc(73)] ReadMemory at 0x7ff90bad0000 of 64 bytes failed: Only part of a ReadProcessMemory or WriteProcessMemory request was completed. (0x12B)
[0214/070928.919:WARNING:pe_image_reader.cc(340)] could not read dos header from C:\WINDOWS\System32\kernel.appcore.dll
[0214/070928.919:ERROR:process_memory_win.cc(73)] ReadMemory at 0x7ff90bb60000 of 64 bytes failed: Only part of a ReadProcessMemory or WriteProcessMemory request was completed. (0x12B)
[0214/070928.919:WARNING:pe_image_reader.cc(340)] could not read dos header from C:\WINDOWS\System32\bcrypt.dll
[0214/070928.919:ERROR:process_memory_win.cc(73)] ReadMemory at 0x7ff90a400000 of 64 bytes failed: Only part of a ReadProcessMemory or WriteProcessMemory request was completed. (0x12B)
[0214/070928.919:WARNING:pe_image_reader.cc(340)] could not read dos header from C:\WINDOWS\SYSTEM32\dbghelp.dll
[0214/070928.919:ERROR:process_memory_win.cc(73)] ReadMemory at 0x7ff8faf30000 of 64 bytes failed: Only part of a ReadProcessMemory or WriteProcessMemory request was completed. (0x12B)
[0214/070928.919:WARNING:pe_image_reader.cc(340)] could not read dos header from C:\WINDOWS\SYSTEM32\Secur32.dll
[0214/070928.919:ERROR:process_memory_win.cc(73)] ReadMemory at 0x7ff903550000 of 64 bytes failed: Only part of a ReadProcessMemory or WriteProcessMemory request was completed. (0x12B)
[0214/070928.919:WARNING:pe_image_reader.cc(340)] could not read dos header from C:\WINDOWS\SYSTEM32\WINHTTP.dll
[0214/070928.919:ERROR:process_memory_win.cc(73)] ReadMemory at 0x7ff9067a0000 of 64 bytes failed: Only part of a ReadProcessMemory or WriteProcessMemory request was completed. (0x12B)
[0214/070928.920:WARNING:pe_image_reader.cc(340)] could not read dos header from C:\WINDOWS\SYSTEM32\dhcpcsvc.DLL
[0214/070928.920:ERROR:process_memory_win.cc(73)] ReadMemory at 0x7ff90dc00000 of 64 bytes failed: Only part of a ReadProcessMemory or WriteProcessMemory request was completed. (0x12B)
[0214/070928.920:WARNING:pe_image_reader.cc(340)] could not read dos header from C:\WINDOWS\System32\NSI.dll
[0214/070928.920:ERROR:process_memory_win.cc(73)] ReadMemory at 0x7ff9083d0000 of 64 bytes failed: Only part of a ReadProcessMemory or WriteProcessMemory request was completed. (0x12B)
[0214/070928.920:WARNING:pe_image_reader.cc(340)] could not read dos header from C:\WINDOWS\SYSTEM32\WINMMBASE.dll
[0214/070928.920:ERROR:process_memory_win.cc(73)] ReadMemory at 0x7ff90bb10000 of 64 bytes failed: Only part of a ReadProcessMemory or WriteProcessMemory request was completed. (0x12B)
[0214/070928.920:WARNING:pe_image_reader.cc(340)] could not read dos header from C:\WINDOWS\System32\cfgmgr32.dll
[0214/070928.920:ERROR:process_memory_win.cc(73)] ReadMemory at 0x7ff908030000 of 64 bytes failed: Only part of a ReadProcessMemory or WriteProcessMemory request was completed. (0x12B)
[0214/070928.920:WARNING:pe_image_reader.cc(340)] could not read dos header from C:\WINDOWS\SYSTEM32\PROPSYS.dll
[0214/070928.920:ERROR:process_memory_win.cc(73)] ReadMemory at 0x7ff90e850000 of 64 bytes failed: Only part of a ReadProcessMemory or WriteProcessMemory request was completed. (0x12B)
[0214/070928.920:WARNING:pe_image_reader.cc(340)] could not read dos header from C:\WINDOWS\System32\shcore.dll
[0214/070928.920:ERROR:process_memory_win.cc(73)] ReadMemory at 0x7ff90b940000 of 64 bytes failed: Only part of a ReadProcessMemory or WriteProcessMemory request was completed. (0x12B)
[0214/070928.920:WARNING:pe_image_reader.cc(340)] could not read dos header from C:\WINDOWS\SYSTEM32\SSPICLI.DLL
[0214/070928.920:ERROR:process_memory_win.cc(73)] ReadMemory at 0x7ff90b3f0000 of 64 bytes failed: Only part of a ReadProcessMemory or WriteProcessMemory request was completed. (0x12B)
[0214/070928.920:WARNING:pe_image_reader.cc(340)] could not read dos header from C:\WINDOWS\SYSTEM32\CRYPTBASE.DLL
[0214/070928.920:ERROR:process_memory_win.cc(73)] ReadMemory at 0x7ff68e750000 of 64 bytes failed: Only part of a ReadProcessMemory or WriteProcessMemory request was completed. (0x12B)
[0214/070928.920:WARNING:pe_image_reader.cc(340)] could not read dos header from C:\Program Files (x86)\Google\Chrome\Application\chrome.exe
[0214/070928.920:ERROR:process_memory_win.cc(73)] ReadMemory at 0x7ff90eb80000 of 64 bytes failed: Only part of a ReadProcessMemory or WriteProcessMemory request was completed. (0x12B)
[0214/070928.920:WARNING:pe_image_reader.cc(340)] could not read dos header from C:\WINDOWS\SYSTEM32\ntdll.dll
[0214/070928.920:ERROR:process_memory_win.cc(73)] ReadMemory at 0x7ff90e000000 of 64 bytes failed: Only part of a ReadProcessMemory or WriteProcessMemory request was completed. (0x12B)
[0214/070928.920:WARNING:pe_image_reader.cc(340)] could not read dos header from C:\WINDOWS\System32\KERNEL32.DLL
[0214/070928.920:ERROR:process_memory_win.cc(73)] ReadMemory at 0x7ff90c4e0000 of 64 bytes failed: Only part of a ReadProcessMemory or WriteProcessMemory request was completed. (0x12B)
[0214/070928.920:WARNING:pe_image_reader.cc(340)] could not read dos header from C:\WINDOWS\System32\KERNELBASE.dll
[0214/070928.920:ERROR:process_memory_win.cc(73)] ReadMemory at 0x7ff8ae450000 of 64 bytes failed: Only part of a ReadProcessMemory or WriteProcessMemory request was completed. (0x12B)
[0214/070928.920:WARNING:pe_image_reader.cc(340)] could not read dos header from C:\Program Files (x86)\Google\Chrome\Application\79.0.3945.130\chrome_elf.dll
[0214/070928.920:ERROR:process_memory_win.cc(73)] ReadMemory at 0x7ff905620000 of 64 bytes failed: Only part of a ReadProcessMemory or WriteProcessMemory request was completed. (0x12B)
[0214/070928.920:WARNING:pe_image_reader.cc(340)] could not read dos header from C:\WINDOWS\SYSTEM32\VERSION.dll
[0214/070928.920:ERROR:process_memory_win.cc(73)] ReadMemory at 0x7ff90db60000 of 64 bytes failed: Only part of a ReadProcessMemory or WriteProcessMemory request was completed. (0x12B)
[0214/070928.920:WARNING:pe_image_reader.cc(340)] could not read dos header from C:\WINDOWS\System32\msvcrt.dll
[0214/070928.920:ERROR:process_memory_win.cc(73)] ReadMemory at 0x7ff90c9f0000 of 64 bytes failed: Only part of a ReadProcessMemory or WriteProcessMemory request was completed. (0x12B)
[0214/070928.920:WARNING:pe_image_reader.cc(340)] could not read dos header from C:\WINDOWS\System32\bcryptPrimitives.dll
[0214/070928.920:ERROR:process_memory_win.cc(73)] ReadMemory at 0x7ff90d3c0000 of 64 bytes failed: Only part of a ReadProcessMemory or WriteProcessMemory request was completed. (0x12B)
[0214/070928.920:WARNING:pe_image_reader.cc(340)] could not read dos header from C:\WINDOWS\System32\ADVAPI32.dll
[0214/070928.920:ERROR:process_memory_win.cc(73)] ReadMemory at 0x7ff90d320000 of 64 bytes failed: Only part of a ReadProcessMemory or WriteProcessMemory request was completed. (0x12B)
[0214/070928.920:WARNING:pe_image_reader.cc(340)] could not read dos header from C:\WINDOWS\System32\sechost.dll
[0214/070928.920:ERROR:process_memory_win.cc(73)] ReadMemory at 0x7ff90dc10000 of 64 bytes failed: Only part of a ReadProcessMemory or WriteProcessMemory request was completed. (0x12B)
[0214/070928.920:WARNING:pe_image_reader.cc(340)] could not read dos header from C:\WINDOWS\System32\RPCRT4.dll
[0214/070928.920:ERROR:process_memory_win.cc(73)] ReadMemory at 0x7ff89e070000 of 64 bytes failed: Only part of a ReadProcessMemory or WriteProcessMemory request was completed. (0x12B)
[0214/070928.920:WARNING:pe_image_reader.cc(340)] could not read dos header from C:\Program Files (x86)\Google\Chrome\Application\79.0.3945.130\chrome_child.dll
[0214/070928.921:ERROR:process_memory_win.cc(73)] ReadMemory at 0x7ff90ea60000 of 64 bytes failed: Only part of a ReadProcessMemory or WriteProcessMemory request was completed. (0x12B)
[0214/070928.921:WARNING:pe_image_reader.cc(340)] could not read dos header from C:\WINDOWS\System32\OLEAUT32.dll
[0214/070928.921:ERROR:process_memory_win.cc(73)] ReadMemory at 0x7ff90c440000 of 64 bytes failed: Only part of a ReadProcessMemory or WriteProcessMemory request was completed. (0x12B)
[0214/070928.921:WARNING:pe_image_reader.cc(340)] could not read dos header from C:\WINDOWS\System32\msvcp_win.dll
[0214/070928.921:ERROR:process_memory_win.cc(73)] ReadMemory at 0x7ff90c340000 of 64 bytes failed: Only part of a ReadProcessMemory or WriteProcessMemory request was completed. (0x12B)
[0214/070928.921:WARNING:pe_image_reader.cc(340)] could not read dos header from C:\WINDOWS\System32\ucrtbase.dll
[0214/070928.921:ERROR:process_memory_win.cc(73)] ReadMemory at 0x202e3b80000 of 64 bytes failed: Only part of a ReadProcessMemory or WriteProcessMemory request was completed. (0x12B)
[0214/070928.921:WARNING:pe_image_reader.cc(340)] could not read dos header from C:\WINDOWS\System32\combase.dll
[0214/070928.921:ERROR:process_memory_win.cc(73)] ReadMemory at 0x7ff90e9d0000 of 64 bytes failed: Only part of a ReadProcessMemory or WriteProcessMemory request was completed. (0x12B)
[0214/070928.921:WARNING:pe_image_reader.cc(340)] could not read dos header from C:\WINDOWS\System32\WS2_32.dll
[0214/070928.921:ERROR:process_memory_win.cc(73)] ReadMemory at 0x7ff90c790000 of 64 bytes failed: Only part of a ReadProcessMemory or WriteProcessMemory request was completed. (0x12B)
[0214/070928.921:WARNING:pe_image_reader.cc(340)] could not read dos header from C:\WINDOWS\System32\WINTRUST.dll
[0214/070928.921:ERROR:process_memory_win.cc(73)] ReadMemory at 0x7ff90bab0000 of 64 bytes failed: Only part of a ReadProcessMemory or WriteProcessMemory request was completed. (0x12B)
[0214/070928.921:WARNING:pe_image_reader.cc(340)] could not read dos header from C:\WINDOWS\System32\MSASN1.dll
[0214/070928.921:ERROR:process_memory_win.cc(73)] ReadMemory at 0x7ff90c7f0000 of 64 bytes failed: Only part of a ReadProcessMemory or WriteProcessMemory request was completed. (0x12B)
[0214/070928.921:WARNING:pe_image_reader.cc(340)] could not read dos header from C:\WINDOWS\System32\CRYPT32.dll
[0214/070928.921:ERROR:process_memory_win.cc(73)] ReadMemory at 0x7ff90af90000 of 64 bytes failed: Only part of a ReadProcessMemory or WriteProcessMemory request was completed. (0x12B)
[0214/070928.921:WARNING:pe_image_reader.cc(340)] could not read dos header from C:\WINDOWS\SYSTEM32\IPHLPAPI.DLL
[0214/070928.921:ERROR:process_memory_win.cc(73)] ReadMemory at 0x7ff908400000 of 64 bytes failed: Only part of a ReadProcessMemory or WriteProcessMemory request was completed. (0x12B)
[0214/070928.921:WARNING:pe_image_reader.cc(340)] could not read dos header from C:\WINDOWS\SYSTEM32\WINMM.dll
[0214/070928.921:ERROR:process_memory_win.cc(73)] ReadMemory at 0x7ff90b970000 of 64 bytes failed: Only part of a ReadProcessMemory or WriteProcessMemory request was completed. (0x12B)
[0214/070928.921:WARNING:pe_image_reader.cc(340)] could not read dos header from C:\WINDOWS\SYSTEM32\USERENV.dll
[0214/070928.921:ERROR:process_memory_win.cc(73)] ReadMemory at 0x7ff90baf0000 of 64 bytes failed: Only part of a ReadProcessMemory or WriteProcessMemory request was completed. (0x12B)
[0214/070928.921:WARNING:pe_image_reader.cc(340)] could not read dos header from C:\WINDOWS\System32\profapi.dll
[0214/070928.921:ERROR:process_memory_win.cc(73)] ReadMemory at 0x7ff8eafb0000 of 64 bytes failed: Only part of a ReadProcessMemory or WriteProcessMemory request was completed. (0x12B)
[0214/070928.921:WARNING:pe_image_reader.cc(340)] could not read dos header from C:\WINDOWS\SYSTEM32\DWrite.dll
[0214/070928.921:ERROR:process_memory_win.cc(73)] ReadMemory at 0x7ff8ed930000 of 64 bytes failed: Only part of a ReadProcessMemory or WriteProcessMemory request was completed. (0x12B)
[0214/070928.921:WARNING:pe_image_reader.cc(340)] could not read dos header from C:\WINDOWS\SYSTEM32\WINSPOOL.DRV
[0214/070928.921:ERROR:process_memory_win.cc(73)] ReadMemory at 0x7ff90bad0000 of 64 bytes failed: Only part of a ReadProcessMemory or WriteProcessMemory request was completed. (0x12B)
[0214/070928.921:WARNING:pe_image_reader.cc(340)] could not read dos header from C:\WINDOWS\System32\kernel.appcore.dll
[0214/070928.921:ERROR:process_memory_win.cc(73)] ReadMemory at 0x7ff90bb60000 of 64 bytes failed: Only part of a ReadProcessMemory or WriteProcessMemory request was completed. (0x12B)
[0214/070928.921:WARNING:pe_image_reader.cc(340)] could not read dos header from C:\WINDOWS\System32\bcrypt.dll
[0214/070928.921:ERROR:process_memory_win.cc(73)] ReadMemory at 0x7ff90a400000 of 64 bytes failed: Only part of a ReadProcessMemory or WriteProcessMemory request was completed. (0x12B)
[0214/070928.921:WARNING:pe_image_reader.cc(340)] could not read dos header from C:\WINDOWS\SYSTEM32\dbghelp.dll
[0214/070928.921:ERROR:process_memory_win.cc(73)] ReadMemory at 0x7ff8faf30000 of 64 bytes failed: Only part of a ReadProcessMemory or WriteProcessMemory request was completed. (0x12B)
[0214/070928.921:WARNING:pe_image_reader.cc(340)] could not read dos header from C:\WINDOWS\SYSTEM32\Secur32.dll
[0214/070928.921:ERROR:process_memory_win.cc(73)] ReadMemory at 0x7ff903550000 of 64 bytes failed: Only part of a ReadProcessMemory or WriteProcessMemory request was completed. (0x12B)
[0214/070928.921:WARNING:pe_image_reader.cc(340)] could not read dos header from C:\WINDOWS\SYSTEM32\WINHTTP.dll
[0214/070928.921:ERROR:process_memory_win.cc(73)] ReadMemory at 0x7ff9067a0000 of 64 bytes failed: Only part of a ReadProcessMemory or WriteProcessMemory request was completed. (0x12B)
[0214/070928.921:WARNING:pe_image_reader.cc(340)] could not read dos header from C:\WINDOWS\SYSTEM32\dhcpcsvc.DLL
[0214/070928.921:ERROR:process_memory_win.cc(73)] ReadMemory at 0x7ff90dc00000 of 64 bytes failed: Only part of a ReadProcessMemory or WriteProcessMemory request was completed. (0x12B)
[0214/070928.921:WARNING:pe_image_reader.cc(340)] could not read dos header from C:\WINDOWS\System32\NSI.dll
[0214/070928.922:ERROR:process_memory_win.cc(73)] ReadMemory at 0x7ff9083d0000 of 64 bytes failed: Only part of a ReadProcessMemory or WriteProcessMemory request was completed. (0x12B)
[0214/070928.922:WARNING:pe_image_reader.cc(340)] could not read dos header from C:\WINDOWS\SYSTEM32\WINMMBASE.dll
[0214/070928.922:ERROR:process_memory_win.cc(73)] ReadMemory at 0x7ff90bb10000 of 64 bytes failed: Only part of a ReadProcessMemory or WriteProcessMemory request was completed. (0x12B)
[0214/070928.922:WARNING:pe_image_reader.cc(340)] could not read dos header from C:\WINDOWS\System32\cfgmgr32.dll
[0214/070928.922:ERROR:process_memory_win.cc(73)] ReadMemory at 0x7ff908030000 of 64 bytes failed: Only part of a ReadProcessMemory or WriteProcessMemory request was completed. (0x12B)
[0214/070928.922:WARNING:pe_image_reader.cc(340)] could not read dos header from C:\WINDOWS\SYSTEM32\PROPSYS.dll
[0214/070928.922:ERROR:process_memory_win.cc(73)] ReadMemory at 0x7ff90e850000 of 64 bytes failed: Only part of a ReadProcessMemory or WriteProcessMemory request was completed. (0x12B)
[0214/070928.922:WARNING:pe_image_reader.cc(340)] could not read dos header from C:\WINDOWS\System32\shcore.dll
[0214/070928.922:ERROR:process_memory_win.cc(73)] ReadMemory at 0x7ff90b940000 of 64 bytes failed: Only part of a ReadProcessMemory or WriteProcessMemory request was completed. (0x12B)
[0214/070928.922:WARNING:pe_image_reader.cc(340)] could not read dos header from C:\WINDOWS\SYSTEM32\SSPICLI.DLL
[0214/070928.922:ERROR:process_memory_win.cc(73)] ReadMemory at 0x7ff90b3f0000 of 64 bytes failed: Only part of a ReadProcessMemory or WriteProcessMemory request was completed. (0x12B)
[0214/070928.922:WARNING:pe_image_reader.cc(340)] could not read dos header from C:\WINDOWS\SYSTEM32\CRYPTBASE.DLL
[0214/070928.931:ERROR:process_memory_win.cc(73)] ReadMemory at 0xa12bff3000 of 53248 bytes failed: Only part of a ReadProcessMemory or WriteProcessMemory request was completed. (0x12B)
[0214/070928.931:ERROR:process_memory_win.cc(73)] ReadMemory at 0xa12c7fd000 of 12288 bytes failed: Only part of a ReadProcessMemory or WriteProcessMemory request was completed. (0x12B)
[0214/070928.931:ERROR:process_memory_win.cc(73)] ReadMemory at 0xa12d7fc000 of 16384 bytes failed: Only part of a ReadProcessMemory or WriteProcessMemory request was completed. (0x12B)
[0214/070928.931:ERROR:process_memory_win.cc(73)] ReadMemory at 0xa12dffb000 of 20480 bytes failed: Only part of a ReadProcessMemory or WriteProcessMemory request was completed. (0x12B)
[0214/070928.931:ERROR:process_memory_win.cc(73)] ReadMemory at 0xa12e7fe000 of 8192 bytes failed: Only part of a ReadProcessMemory or WriteProcessMemory request was completed. (0x12B)
[0214/070928.932:ERROR:process_memory_win.cc(73)] ReadMemory at 0xa12effd000 of 12288 bytes failed: Only part of a ReadProcessMemory or WriteProcessMemory request was completed. (0x12B)
[0214/070928.932:ERROR:process_memory_win.cc(73)] ReadMemory at 0xa12f7fb000 of 20480 bytes failed: Only part of a ReadProcessMemory or WriteProcessMemory request was completed. (0x12B)
[0214/070928.932:ERROR:process_memory_win.cc(73)] ReadMemory at 0xa12fffd000 of 12288 bytes failed: Only part of a ReadProcessMemory or WriteProcessMemory request was completed. (0x12B)
[0214/070928.932:ERROR:process_memory_win.cc(73)] ReadMemory at 0xa130ff6000 of 40960 bytes failed: Only part of a ReadProcessMemory or WriteProcessMemory request was completed. (0x12B)
[0214/070928.932:ERROR:process_memory_win.cc(73)] ReadMemory at 0xa1317f8000 of 32768 bytes failed: Only part of a ReadProcessMemory or WriteProcessMemory request was completed. (0x12B)
[0214/070928.932:ERROR:process_memory_win.cc(73)] ReadMemory at 0xa131ff6000 of 40960 bytes failed: Only part of a ReadProcessMemory or WriteProcessMemory request was completed. (0x12B)
[0214/070928.932:ERROR:process_memory_win.cc(73)] ReadMemory at 0xa1327f6000 of 40960 bytes failed: Only part of a ReadProcessMemory or WriteProcessMemory request was completed. (0x12B)
[0214/070928.932:ERROR:process_memory_win.cc(73)] ReadMemory at 0xa132ffd000 of 12288 bytes failed: Only part of a ReadProcessMemory or WriteProcessMemory request was completed. (0x12B)
[0214/070928.932:ERROR:process_memory_win.cc(73)] ReadMemory at 0xa1357fc000 of 16384 bytes failed: Only part of a ReadProcessMemory or WriteProcessMemory request was completed. (0x12B)
[0214/070928.933:ERROR:process_memory_win.cc(73)] ReadMemory at 0xa12cffd000 of 12288 bytes failed: Only part of a ReadProcessMemory or WriteProcessMemory request was completed. (0x12B)
[0214/070928.933:ERROR:process_memory_win.cc(73)] ReadMemory at 0xa133ffc000 of 16384 bytes failed: Only part of a ReadProcessMemory or WriteProcessMemory request was completed. (0x12B)
[0214/070928.933:ERROR:process_memory_win.cc(73)] ReadMemory at 0xa12b600000 of 6024 bytes failed: Only part of a ReadProcessMemory or WriteProcessMemory request was completed. (0x12B)
[0214/070928.933:ERROR:process_memory_win.cc(73)] ReadMemory at 0xa12b602000 of 6024 bytes failed: Only part of a ReadProcessMemory or WriteProcessMemory request was completed. (0x12B)
[0214/070928.933:ERROR:process_memory_win.cc(73)] ReadMemory at 0xa12b604000 of 6024 bytes failed: Only part of a ReadProcessMemory or WriteProcessMemory request was completed. (0x12B)
[0214/070928.933:ERROR:process_memory_win.cc(73)] ReadMemory at 0xa12b606000 of 6024 bytes failed: Only part of a ReadProcessMemory or WriteProcessMemory request was completed. (0x12B)
[0214/070928.933:ERROR:process_memory_win.cc(73)] ReadMemory at 0xa12b60a000 of 6024 bytes failed: Only part of a ReadProcessMemory or WriteProcessMemory request was completed. (0x12B)
[0214/070928.933:ERROR:process_memory_win.cc(73)] ReadMemory at 0xa12b60c000 of 6024 bytes failed: Only part of a ReadProcessMemory or WriteProcessMemory request was completed. (0x12B)
[0214/070928.933:ERROR:process_memory_win.cc(73)] ReadMemory at 0xa12b60e000 of 6024 bytes failed: Only part of a ReadProcessMemory or WriteProcessMemory request was completed. (0x12B)
[0214/070928.933:ERROR:process_memory_win.cc(73)] ReadMemory at 0xa12b610000 of 6024 bytes failed: Only part of a ReadProcessMemory or WriteProcessMemory request was completed. (0x12B)
[0214/070928.933:ERROR:process_memory_win.cc(73)] ReadMemory at 0xa12b612000 of 6024 bytes failed: Only part of a ReadProcessMemory or WriteProcessMemory request was completed. (0x12B)
[0214/070928.933:ERROR:process_memory_win.cc(73)] ReadMemory at 0xa12b61c000 of 6024 bytes failed: Only part of a ReadProcessMemory or WriteProcessMemory request was completed. (0x12B)
[0214/070928.933:ERROR:process_memory_win.cc(73)] ReadMemory at 0xa12b62a000 of 6024 bytes failed: Only part of a ReadProcessMemory or WriteProcessMemory request was completed. (0x12B)
[0214/070928.934:ERROR:process_memory_win.cc(73)] ReadMemory at 0xa12b646000 of 6024 bytes failed: Only part of a ReadProcessMemory or WriteProcessMemory request was completed. (0x12B)
[0214/070928.934:ERROR:process_memory_win.cc(73)] ReadMemory at 0xa12b7f5000 of 852 bytes failed: Only part of a ReadProcessMemory or WriteProcessMemory request was completed. (0x12B)
[0214/070928.934:ERROR:process_memory_win.cc(73)] ReadMemory at 0xa12b7f6000 of 6024 bytes failed: Only part of a ReadProcessMemory or WriteProcessMemory request was completed. (0x12B)
[0214/070928.934:ERROR:process_memory_win.cc(73)] ReadMemory at 0xa12b7f8000 of 6024 bytes failed: Only part of a ReadProcessMemory or WriteProcessMemory request was completed. (0x12B)
[0214/070928.934:ERROR:process_memory_win.cc(73)] ReadMemory at 0xa12b7fc000 of 6024 bytes failed: Only part of a ReadProcessMemory or WriteProcessMemory request was completed. (0x12B)
[0214/070928.934:ERROR:process_memory_win.cc(73)] ReadMemory at 0xa12b7fe000 of 6024 bytes failed: Only part of a ReadProcessMemory or WriteProcessMemory request was completed. (0x12B)
[0214/070928.934:ERROR:process_memory_win.cc(73)] ReadMemory at 0x202e3600750 of 80 bytes failed: Only part of a ReadProcessMemory or WriteProcessMemory request was completed. (0x12B)
[0214/070928.934:ERROR:process_memory_win.cc(73)] ReadMemory at 0x202e3600fe0 of 11586 bytes failed: Only part of a ReadProcessMemory or WriteProcessMemory request was completed. (0x12B)
[0214/070928.934:ERROR:process_memory_win.cc(73)] ReadMemory at 0x202e3603d30 of 1012 bytes failed: Only part of a ReadProcessMemory or WriteProcessMemory request was completed. (0x12B)
[0214/070928.934:ERROR:process_memory_win.cc(73)] ReadMemory at 0x202e3604378 of 118 bytes failed: Only part of a ReadProcessMemory or WriteProcessMemory request was completed. (0x12B)
[0214/070928.935:ERROR:process_memory_win.cc(73)] ReadMemory at 0x202e36043f0 of 1146 bytes failed: Only part of a ReadProcessMemory or WriteProcessMemory request was completed. (0x12B)
[0214/070928.935:ERROR:process_memory_win.cc(73)] ReadMemory at 0x202e360486c of 118 bytes failed: Only part of a ReadProcessMemory or WriteProcessMemory request was completed. (0x12B)
[0214/070928.935:ERROR:process_memory_win.cc(73)] ReadMemory at 0x202e36048e4 of 100 bytes failed: Only part of a ReadProcessMemory or WriteProcessMemory request was completed. (0x12B)
[0214/070928.935:ERROR:process_memory_win.cc(73)] ReadMemory at 0x202e3604960 of 58 bytes failed: Only part of a ReadProcessMemory or WriteProcessMemory request was completed. (0x12B)
[0214/070928.935:ERROR:process_memory_win.cc(73)] ReadMemory at 0x202e3604a60 of 132 bytes failed: Only part of a ReadProcessMemory or WriteProcessMemory request was completed. (0x12B)
[0214/070928.935:ERROR:process_memory_win.cc(73)] ReadMemory at 0x202e3604bf0 of 132 bytes failed: Only part of a ReadProcessMemory or WriteProcessMemory request was completed. (0x12B)
[0214/070928.935:ERROR:process_memory_win.cc(73)] ReadMemory at 0x202e3604db0 of 126 bytes failed: Only part of a ReadProcessMemory or WriteProcessMemory request was completed. (0x12B)
[0214/070928.935:ERROR:process_memory_win.cc(73)] ReadMemory at 0x202e36051a0 of 132 bytes failed: Only part of a ReadProcessMemory or WriteProcessMemory request was completed. (0x12B)
[0214/070928.935:ERROR:process_memory_win.cc(73)] ReadMemory at 0x202e3605330 of 64 bytes failed: Only part of a ReadProcessMemory or WriteProcessMemory request was completed. (0x12B)
[0214/070928.935:ERROR:process_memory_win.cc(73)] ReadMemory at 0x202e36054f0 of 132 bytes failed: Only part of a ReadProcessMemory or WriteProcessMemory request was completed. (0x12B)
[0214/070928.935:ERROR:process_memory_win.cc(73)] ReadMemory at 0x202e3605790 of 132 bytes failed: Only part of a ReadProcessMemory or WriteProcessMemory request was completed. (0x12B)
[0214/070928.936:ERROR:process_memory_win.cc(73)] ReadMemory at 0x202e3605920 of 68 bytes failed: Only part of a ReadProcessMemory or WriteProcessMemory request was completed. (0x12B)
[0214/070928.936:ERROR:process_memory_win.cc(73)] ReadMemory at 0x202e3606ab0 of 132 bytes failed: Only part of a ReadProcessMemory or WriteProcessMemory request was completed. (0x12B)
[0214/070928.936:ERROR:process_memory_win.cc(73)] ReadMemory at 0x202e3606c40 of 154 bytes failed: Only part of a ReadProcessMemory or WriteProcessMemory request was completed. (0x12B)
[0214/070928.936:ERROR:process_memory_win.cc(73)] ReadMemory at 0x202e3607a30 of 62 bytes failed: Only part of a ReadProcessMemory or WriteProcessMemory request was completed. (0x12B)
[0214/070928.936:ERROR:process_memory_win.cc(73)] ReadMemory at 0x202e3607a80 of 132 bytes failed: Only part of a ReadProcessMemory or WriteProcessMemory request was completed. (0x12B)
[0214/070928.936:ERROR:process_memory_win.cc(73)] ReadMemory at 0x202e3607c20 of 132 bytes failed: Only part of a ReadProcessMemory or WriteProcessMemory request was completed. (0x12B)
[0214/070928.936:ERROR:process_memory_win.cc(73)] ReadMemory at 0x202e3607d50 of 60 bytes failed: Only part of a ReadProcessMemory or WriteProcessMemory request was completed. (0x12B)
[0214/070928.936:ERROR:process_memory_win.cc(73)] ReadMemory at 0x202e3608330 of 132 bytes failed: Only part of a ReadProcessMemory or WriteProcessMemory request was completed. (0x12B)
[0214/070928.936:ERROR:process_memory_win.cc(73)] ReadMemory at 0x202e3609290 of 132 bytes failed: Only part of a ReadProcessMemory or WriteProcessMemory request was completed. (0x12B)
[0214/070928.936:ERROR:process_memory_win.cc(73)] ReadMemory at 0x202e36094a0 of 132 bytes failed: Only part of a ReadProcessMemory or WriteProcessMemory request was completed. (0x12B)
[0214/070928.936:ERROR:process_memory_win.cc(73)] ReadMemory at 0x202e3609780 of 132 bytes failed: Only part of a ReadProcessMemory or WriteProcessMemory request was completed. (0x12B)
[0214/070928.936:ERROR:process_memory_win.cc(73)] ReadMemory at 0x202e3609b30 of 132 bytes failed: Only part of a ReadProcessMemory or WriteProcessMemory request was completed. (0x12B)
[0214/070928.937:ERROR:process_memory_win.cc(73)] ReadMemory at 0x202e3609e20 of 132 bytes failed: Only part of a ReadProcessMemory or WriteProcessMemory request was completed. (0x12B)
[0214/070928.937:ERROR:process_memory_win.cc(73)] ReadMemory at 0x202e360cd20 of 66 bytes failed: Only part of a ReadProcessMemory or WriteProcessMemory request was completed. (0x12B)
[0214/070928.937:ERROR:process_memory_win.cc(73)] ReadMemory at 0x202e360cdc0 of 60 bytes failed: Only part of a ReadProcessMemory or WriteProcessMemory request was completed. (0x12B)
[0214/070928.937:ERROR:process_memory_win.cc(73)] ReadMemory at 0x202e360cf00 of 64 bytes failed: Only part of a ReadProcessMemory or WriteProcessMemory request was completed. (0x12B)
[0214/070928.937:ERROR:process_memory_win.cc(73)] ReadMemory at 0x202e360cff0 of 64 bytes failed: Only part of a ReadProcessMemory or WriteProcessMemory request was completed. (0x12B)
[0214/070928.938:ERROR:process_memory_win.cc(73)] ReadMemory at 0x202e360d040 of 62 bytes failed: Only part of a ReadProcessMemory or WriteProcessMemory request was completed. (0x12B)
[0214/070928.938:ERROR:process_memory_win.cc(73)] ReadMemory at 0x202e360d090 of 64 bytes failed: Only part of a ReadProcessMemory or WriteProcessMemory request was completed. (0x12B)
[0214/070928.938:ERROR:process_memory_win.cc(73)] ReadMemory at 0x202e360d270 of 62 bytes failed: Only part of a ReadProcessMemory or WriteProcessMemory request was completed. (0x12B)
[0214/070928.938:ERROR:process_memory_win.cc(73)] ReadMemory at 0x202e360d2c0 of 60 bytes failed: Only part of a ReadProcessMemory or WriteProcessMemory request was completed. (0x12B)
[0214/070928.938:ERROR:process_memory_win.cc(73)] ReadMemory at 0x202e360d450 of 64 bytes failed: Only part of a ReadProcessMemory or WriteProcessMemory request was completed. (0x12B)
[0214/070928.938:ERROR:process_memory_win.cc(73)] ReadMemory at 0x202e360d6c0 of 64 bytes failed: Only part of a ReadProcessMemory or WriteProcessMemory request was completed. (0x12B)
[0214/070928.938:ERROR:process_memory_win.cc(73)] ReadMemory at 0x202e360d710 of 62 bytes failed: Only part of a ReadProcessMemory or WriteProcessMemory request was completed. (0x12B)
[0214/070928.938:ERROR:process_memory_win.cc(73)] ReadMemory at 0x202e360d760 of 60 bytes failed: Only part of a ReadProcessMemory or WriteProcessMemory request was completed. (0x12B)
[0214/070928.938:ERROR:process_memory_win.cc(73)] ReadMemory at 0x202e360d8a0 of 62 bytes failed: Only part of a ReadProcessMemory or WriteProcessMemory request was completed. (0x12B)
[0214/070928.938:ERROR:process_memory_win.cc(73)] ReadMemory at 0x202e360da80 of 62 bytes failed: Only part of a ReadProcessMemory or WriteProcessMemory request was completed. (0x12B)
[0214/070928.938:ERROR:process_memory_win.cc(73)] ReadMemory at 0x202e360dad0 of 62 bytes failed: Only part of a ReadProcessMemory or WriteProcessMemory request was completed. (0x12B)
[0214/070928.938:ERROR:process_memory_win.cc(73)] ReadMemory at 0x202e360db70 of 60 bytes failed: Only part of a ReadProcessMemory or WriteProcessMemory request was completed. (0x12B)
[0214/070928.938:ERROR:process_memory_win.cc(73)] ReadMemory at 0x202e360dda0 of 60 bytes failed: Only part of a ReadProcessMemory or WriteProcessMemory request was completed. (0x12B)
[0214/070928.938:ERROR:process_memory_win.cc(73)] ReadMemory at 0x202e360ddf0 of 66 bytes failed: Only part of a ReadProcessMemory or WriteProcessMemory request was completed. (0x12B)
[0214/070928.938:ERROR:process_memory_win.cc(73)] ReadMemory at 0x202e360de90 of 58 bytes failed: Only part of a ReadProcessMemory or WriteProcessMemory request was completed. (0x12B)
[0214/070928.938:ERROR:process_memory_win.cc(73)] ReadMemory at 0x202e360df80 of 64 bytes failed: Only part of a ReadProcessMemory or WriteProcessMemory request was completed. (0x12B)
[0214/070928.939:ERROR:process_memory_win.cc(73)] ReadMemory at 0x202e360e020 of 62 bytes failed: Only part of a ReadProcessMemory or WriteProcessMemory request was completed. (0x12B)
[0214/070928.939:ERROR:process_memory_win.cc(73)] ReadMemory at 0x202e360e1b0 of 64 bytes failed: Only part of a ReadProcessMemory or WriteProcessMemory request was completed. (0x12B)
[0214/070928.939:ERROR:process_memory_win.cc(73)] ReadMemory at 0x202e360e250 of 60 bytes failed: Only part of a ReadProcessMemory or WriteProcessMemory request was completed. (0x12B)
[0214/070928.939:ERROR:process_memory_win.cc(73)] ReadMemory at 0x202e360e2f0 of 62 bytes failed: Only part of a ReadProcessMemory or WriteProcessMemory request was completed. (0x12B)
[0214/070928.939:ERROR:process_memory_win.cc(73)] ReadMemory at 0x202e360e340 of 62 bytes failed: Only part of a ReadProcessMemory or WriteProcessMemory request was completed. (0x12B)
[0214/070928.939:ERROR:process_memory_win.cc(73)] ReadMemory at 0x202e360e390 of 64 bytes failed: Only part of a ReadProcessMemory or WriteProcessMemory request was completed. (0x12B)
[0214/070928.939:ERROR:process_memory_win.cc(73)] ReadMemory at 0x202e360e3e0 of 62 bytes failed: Only part of a ReadProcessMemory or WriteProcessMemory request was completed. (0x12B)
[0214/070928.940:ERROR:process_memory_win.cc(73)] ReadMemory at 0x202e360fb00 of 158 bytes failed: Only part of a ReadProcessMemory or WriteProcessMemory request was completed. (0x12B)
[0214/070928.940:ERROR:process_memory_win.cc(73)] ReadMemory at 0x202e36112c0 of 54 bytes failed: Only part of a ReadProcessMemory or WriteProcessMemory request was completed. (0x12B)
[0214/070928.940:ERROR:process_memory_win.cc(73)] ReadMemory at 0x202e3611ce0 of 132 bytes failed: Only part of a ReadProcessMemory or WriteProcessMemory request was completed. (0x12B)
[0214/070928.941:ERROR:process_memory_win.cc(73)] ReadMemory at 0x202e3613910 of 76 bytes failed: Only part of a ReadProcessMemory or WriteProcessMemory request was completed. (0x12B)
[0214/070928.941:ERROR:process_memory_win.cc(73)] ReadMemory at 0x202e3614a00 of 132 bytes failed: Only part of a ReadProcessMemory or WriteProcessMemory request was completed. (0x12B)
[0214/070928.941:ERROR:process_memory_win.cc(73)] ReadMemory at 0x202e3614d50 of 132 bytes failed: Only part of a ReadProcessMemory or WriteProcessMemory request was completed. (0x12B)
[0214/070928.941:ERROR:process_memory_win.cc(73)] ReadMemory at 0x202e3617b30 of 132 bytes failed: Only part of a ReadProcessMemory or WriteProcessMemory request was completed. (0x12B)
[0214/070928.941:ERROR:process_memory_win.cc(73)] ReadMemory at 0x202e3617c60 of 132 bytes failed: Only part of a ReadProcessMemory or WriteProcessMemory request was completed. (0x12B)
[0214/070928.941:ERROR:process_memory_win.cc(73)] ReadMemory at 0x202e3617d90 of 132 bytes failed: Only part of a ReadProcessMemory or WriteProcessMemory request was completed. (0x12B)
[0214/070928.941:ERROR:process_memory_win.cc(73)] ReadMemory at 0x202e3617ec0 of 132 bytes failed: Only part of a ReadProcessMemory or WriteProcessMemory request was completed. (0x12B)
[0214/070928.941:ERROR:process_memory_win.cc(73)] ReadMemory at 0x202e3617ff0 of 132 bytes failed: Only part of a ReadProcessMemory or WriteProcessMemory request was completed. (0x12B)
[0214/070928.941:ERROR:process_memory_win.cc(73)] ReadMemory at 0x202e3618250 of 132 bytes failed: Only part of a ReadProcessMemory or WriteProcessMemory request was completed. (0x12B)
[0214/070928.941:ERROR:process_memory_win.cc(73)] ReadMemory at 0x202e3618380 of 132 bytes failed: Only part of a ReadProcessMemory or WriteProcessMemory request was completed. (0x12B)
[0214/070928.941:ERROR:process_memory_win.cc(73)] ReadMemory at 0x202e36184b0 of 132 bytes failed: Only part of a ReadProcessMemory or WriteProcessMemory request was completed. (0x12B)
[0214/070928.941:ERROR:process_memory_win.cc(73)] ReadMemory at 0x202e36185e0 of 132 bytes failed: Only part of a ReadProcessMemory or WriteProcessMemory request was completed. (0x12B)
[0214/070928.941:ERROR:process_memory_win.cc(73)] ReadMemory at 0x202e3618710 of 132 bytes failed: Only part of a ReadProcessMemory or WriteProcessMemory request was completed. (0x12B)
[0214/070928.941:ERROR:process_memory_win.cc(73)] ReadMemory at 0x202e3618840 of 132 bytes failed: Only part of a ReadProcessMemory or WriteProcessMemory request was completed. (0x12B)
[0214/070928.942:ERROR:process_memory_win.cc(73)] ReadMemory at 0x202e3618970 of 132 bytes failed: Only part of a ReadProcessMemory or WriteProcessMemory request was completed. (0x12B)
[0214/070928.942:ERROR:process_memory_win.cc(73)] ReadMemory at 0x202e361a6a0 of 132 bytes failed: Only part of a ReadProcessMemory or WriteProcessMemory request was completed. (0x12B)
[0214/070928.942:ERROR:process_memory_win.cc(73)] ReadMemory at 0x202e361a900 of 132 bytes failed: Only part of a ReadProcessMemory or WriteProcessMemory request was completed. (0x12B)
[0214/070928.942:ERROR:process_memory_win.cc(73)] ReadMemory at 0x202e361aa30 of 132 bytes failed: Only part of a ReadProcessMemory or WriteProcessMemory request was completed. (0x12B)
[0214/070928.942:ERROR:process_memory_win.cc(73)] ReadMemory at 0x202e361ab60 of 132 bytes failed: Only part of a ReadProcessMemory or WriteProcessMemory request was completed. (0x12B)
[0214/070928.942:ERROR:process_memory_win.cc(73)] ReadMemory at 0x202e361ac90 of 132 bytes failed: Only part of a ReadProcessMemory or WriteProcessMemory request was completed. (0x12B)
[0214/070928.942:ERROR:process_memory_win.cc(73)] ReadMemory at 0x202e361adc0 of 132 bytes failed: Only part of a ReadProcessMemory or WriteProcessMemory request was completed. (0x12B)
[0214/070928.943:ERROR:process_memory_win.cc(73)] ReadMemory at 0x202e361b150 of 132 bytes failed: Only part of a ReadProcessMemory or WriteProcessMemory request was completed. (0x12B)
[0214/070928.943:ERROR:process_memory_win.cc(73)] ReadMemory at 0x202e361b4e0 of 132 bytes failed: Only part of a ReadProcessMemory or WriteProcessMemory request was completed. (0x12B)
[0214/070928.943:ERROR:process_memory_win.cc(73)] ReadMemory at 0x202e361b9a0 of 132 bytes failed: Only part of a ReadProcessMemory or WriteProcessMemory request was completed. (0x12B)
[0214/070928.943:ERROR:process_memory_win.cc(73)] ReadMemory at 0x202e362efe0 of 512 bytes failed: Only part of a ReadProcessMemory or WriteProcessMemory request was completed. (0x12B)
[0214/070928.943:ERROR:process_memory_win.cc(73)] ReadMemory at 0x202e3630340 of 512 bytes failed: Only part of a ReadProcessMemory or WriteProcessMemory request was completed. (0x12B)
[0214/070928.943:ERROR:process_memory_win.cc(73)] ReadMemory at 0x202e3a90c40 of 512 bytes failed: Only part of a ReadProcessMemory or WriteProcessMemory request was completed. (0x12B)
[0214/070928.943:ERROR:process_memory_win.cc(73)] ReadMemory at 0x202e3ee7360 of 512 bytes failed: Only part of a ReadProcessMemory or WriteProcessMemory request was completed. (0x12B)
[0214/070928.943:ERROR:process_memory_win.cc(73)] ReadMemory at 0x202e3ef2f03 of 512 bytes failed: Only part of a ReadProcessMemory or WriteProcessMemory request was completed. (0x12B)
[0214/070928.943:ERROR:process_memory_win.cc(73)] ReadMemory at 0x202e3ef38a0 of 512 bytes failed: Only part of a ReadProcessMemory or WriteProcessMemory request was completed. (0x12B)
[0214/070928.943:ERROR:process_memory_win.cc(73)] ReadMemory at 0x202e3f0b603 of 512 bytes failed: Only part of a ReadProcessMemory or WriteProcessMemory request was completed. (0x12B)
[0214/070928.943:ERROR:process_memory_win.cc(73)] ReadMemory at 0x202e3f0f780 of 712 bytes failed: Only part of a ReadProcessMemory or WriteProcessMemory request was completed. (0x12B)
[0214/070928.943:ERROR:process_memory_win.cc(73)] ReadMemory at 0x202e3f16f78 of 512 bytes failed: Only part of a ReadProcessMemory or WriteProcessMemory request was completed. (0x12B)
[0214/070928.944:ERROR:process_memory_win.cc(73)] ReadMemory at 0x202e3f173f8 of 512 bytes failed: Only part of a ReadProcessMemory or WriteProcessMemory request was completed. (0x12B)
[0214/070928.944:ERROR:process_memory_win.cc(73)] ReadMemory at 0x202e3f17758 of 512 bytes failed: Only part of a ReadProcessMemory or WriteProcessMemory request was completed. (0x12B)
[0214/070928.944:ERROR:process_memory_win.cc(73)] ReadMemory at 0x202e3f27530 of 512 bytes failed: Only part of a ReadProcessMemory or WriteProcessMemory request was completed. (0x12B)
[0214/070928.944:ERROR:process_memory_win.cc(73)] ReadMemory at 0x202e5d52980 of 512 bytes failed: Only part of a ReadProcessMemory or WriteProcessMemory request was completed. (0x12B)
[0214/070928.944:ERROR:process_memory_win.cc(73)] ReadMemory at 0x202e5d71748 of 512 bytes failed: Only part of a ReadProcessMemory or WriteProcessMemory request was completed. (0x12B)
[0214/070928.944:ERROR:process_memory_win.cc(73)] ReadMemory at 0x202e5d71988 of 512 bytes failed: Only part of a ReadProcessMemory or WriteProcessMemory request was completed. (0x12B)
[0214/070928.944:ERROR:process_memory_win.cc(73)] ReadMemory at 0x202e5dfeb40 of 512 bytes failed: Only part of a ReadProcessMemory or WriteProcessMemory request was completed. (0x12B)
[0214/070928.944:ERROR:process_memory_win.cc(73)] ReadMemory at 0x202e5e3b790 of 512 bytes failed: Only part of a ReadProcessMemory or WriteProcessMemory request was completed. (0x12B)
[0214/070928.944:ERROR:process_memory_win.cc(73)] ReadMemory at 0x202e6957f80 of 512 bytes failed: Only part of a ReadProcessMemory or WriteProcessMemory request was completed. (0x12B)
[0214/070928.944:ERROR:process_memory_win.cc(73)] ReadMemory at 0x202e6ad9140 of 512 bytes failed: Only part of a ReadProcessMemory or WriteProcessMemory request was completed. (0x12B)
[0214/070928.944:ERROR:process_memory_win.cc(73)] ReadMemory at 0x202e6b684e0 of 512 bytes failed: Only part of a ReadProcessMemory or WriteProcessMemory request was completed. (0x12B)
[0214/070928.944:ERROR:process_memory_win.cc(73)] ReadMemory at 0x202e787e290 of 512 bytes failed: Only part of a ReadProcessMemory or WriteProcessMemory request was completed. (0x12B)
[0214/070928.944:ERROR:process_memory_win.cc(73)] ReadMemory at 0x202e7a908d0 of 512 bytes failed: Only part of a ReadProcessMemory or WriteProcessMemory request was completed. (0x12B)
[0214/070928.945:ERROR:process_memory_win.cc(73)] ReadMemory at 0x202e895b99c of 512 bytes failed: Only part of a ReadProcessMemory or WriteProcessMemory request was completed. (0x12B)
[0214/070928.945:ERROR:process_memory_win.cc(73)] ReadMemory at 0x4836b158eeb0 of 512 bytes failed: Only part of a ReadProcessMemory or WriteProcessMemory request was completed. (0x12B)
[0214/070928.945:ERROR:process_memory_win.cc(73)] ReadMemory at 0x4ab8f7a013a0 of 512 bytes failed: Only part of a ReadProcessMemory or WriteProcessMemory request was completed. (0x12B)
[0214/070928.945:ERROR:process_memory_win.cc(73)] ReadMemory at 0x7ff89e070000 of 384 bytes failed: Only part of a ReadProcessMemory or WriteProcessMemory request was completed. (0x12B)
[0214/070928.945:ERROR:process_memory_win.cc(73)] ReadMemory at 0x7ff89e0b8a5e of 512 bytes failed: Only part of a ReadProcessMemory or WriteProcessMemory request was completed. (0x12B)
[0214/070928.945:ERROR:process_memory_win.cc(73)] ReadMemory at 0x7ff89eb6fa20 of 512 bytes failed: Only part of a ReadProcessMemory or WriteProcessMemory request was completed. (0x12B)
[0214/070928.945:ERROR:process_memory_win.cc(73)] ReadMemory at 0x7ff89f4e2f1a of 512 bytes failed: Only part of a ReadProcessMemory or WriteProcessMemory request was completed. (0x12B)
[0214/070928.945:ERROR:process_memory_win.cc(73)] ReadMemory at 0x7ff89fb2f0ec of 512 bytes failed: Only part of a ReadProcessMemory or WriteProcessMemory request was completed. (0x12B)
[0214/070928.946:ERROR:process_memory_win.cc(73)] ReadMemory at 0x7ff8a29c4730 of 512 bytes failed: Only part of a ReadProcessMemory or WriteProcessMemory request was completed. (0x12B)
[0214/070928.946:ERROR:process_memory_win.cc(73)] ReadMemory at 0x7ff8a31f3520 of 752 bytes failed: Only part of a ReadProcessMemory or WriteProcessMemory request was completed. (0x12B)
[0214/070928.946:ERROR:process_memory_win.cc(73)] ReadMemory at 0x7ff8a31f5b50 of 512 bytes failed: Only part of a ReadProcessMemory or WriteProcessMemory request was completed. (0x12B)
[0214/070928.946:ERROR:process_memory_win.cc(73)] ReadMemory at 0x7ff90ec1c0c4 of 672 bytes failed: Only part of a ReadProcessMemory or WriteProcessMemory request was completed. (0x12B)
[0214/070928.946:ERROR:process_memory_win.cc(73)] ReadMemory at 0x7ff90ec1c6c4 of 512 bytes failed: Only part of a ReadProcessMemory or WriteProcessMemory request was completed. (0x12B)
[0214/070928.946:ERROR:process_memory_win.cc(73)] ReadMemory at 0x7ff90ec1f974 of 608 bytes failed: Only part of a ReadProcessMemory or WriteProcessMemory request was completed. (0x12B)
[0214/070928.946:ERROR:process_memory_win.cc(73)] ReadMemory at 0x7ff90ecac428 of 18 bytes failed: Only part of a ReadProcessMemory or WriteProcessMemory request was completed. (0x12B)
[0214/070928.946:ERROR:process_memory_win.cc(73)] ReadMemory at 0x7ff90ecdf4f8 of 40 bytes failed: Only part of a ReadProcessMemory or WriteProcessMemory request was completed. (0x12B)
[0214/070928.946:ERROR:process_memory_win.cc(73)] ReadMemory at 0x7ff90ecdf978 of 48 bytes failed: Only part of a ReadProcessMemory or WriteProcessMemory request was completed. (0x12B)
[0214/070928.946:ERROR:process_memory_win.cc(73)] ReadMemory at 0x7ff90ece53c0 of 64 bytes failed: Only part of a ReadProcessMemory or WriteProcessMemory request was completed. (0x12B)
[0214/070928.947:ERROR:scoped_process_suspend.cc(40)] NtResumeProcess: An attempt was made to access an exiting process. (0xc000010a)
[0228/132910.867:ERROR:prune_crash_reports.cc(35)] PruneCrashReportDatabase: Failed to get pending reports
[0301/083943.024:ERROR:prune_crash_reports.cc(35)] PruneCrashReportDatabase: Failed to get pending reports
[0302/225644.184:ERROR:prune_crash_reports.cc(35)] PruneCrashReportDatabase: Failed to get pending reports
